<?xml version="1.0" encoding="UTF-8"?>
<testng-results ignored="0" total="1" passed="1" failed="0" skipped="0">
  <reporter-output>
  </reporter-output>
  <suite started-at="2023-07-31T12:56:10 IST" name="Default suite" finished-at="2023-07-31T12:57:50 IST" duration-ms="99441">
    <groups>
    </groups>
    <test started-at="2023-07-31T12:56:10 IST" name="Default test" finished-at="2023-07-31T12:57:50 IST" duration-ms="99441">
      <class name="com.chimera.test.i3Test">
        <test-method is-config="true" signature="extentReportsMethod()[pri:0, instance:com.chimera.test.i3Test@101952da]" started-at="2023-07-31T12:56:10 IST" name="extentReportsMethod" finished-at="2023-07-31T12:56:11 IST" duration-ms="118" status="PASS">
          <reporter-output>
          </reporter-output>
        </test-method> <!-- extentReportsMethod -->
        <test-method is-config="true" signature="i3BeforeMethod()[pri:0, instance:com.chimera.test.i3Test@101952da]" started-at="2023-07-31T12:56:11 IST" name="i3BeforeMethod" finished-at="2023-07-31T12:56:15 IST" duration-ms="4703" status="PASS">
          <reporter-output>
          </reporter-output>
        </test-method> <!-- i3BeforeMethod -->
        <test-method signature="i3TestMethod()[pri:0, instance:com.chimera.test.i3Test@101952da]" started-at="2023-07-31T12:56:15 IST" name="i3TestMethod" finished-at="2023-07-31T12:57:49 IST" duration-ms="93755" status="PASS">
          <reporter-output>
          </reporter-output>
        </test-method> <!-- i3TestMethod -->
        <test-method is-config="true" signature="i3AfterMethod()[pri:0, instance:com.chimera.test.i3Test@101952da]" started-at="2023-07-31T12:57:49 IST" name="i3AfterMethod" finished-at="2023-07-31T12:57:50 IST" duration-ms="828" status="PASS">
          <reporter-output>
          </reporter-output>
        </test-method> <!-- i3AfterMethod -->
      </class> <!-- com.chimera.test.i3Test -->
    </test> <!-- Default test -->
  </suite> <!-- Default suite -->
</testng-results>
